<?xml version="1.0" encoding="UTF-8"?>
<testsuite xmlns:xsi="http://www.w3.org/2001/XMLSchema-instance" xsi:noNamespaceSchemaLocation="https://maven.apache.org/surefire/maven-surefire-plugin/xsd/surefire-test-report-3.0.xsd" version="3.0" name="TestSuite" time="552.659" tests="8" errors="0" skipped="0" failures="0">
  <properties>
[...]
</properties>
  <testcase name="runScenario[&quot;To check invalid data registration&quot;, &quot;User registration on Bunnycart&quot;](1)" classname="com.bunnycart.TestRunner.testRunner1" time="63.225">
    <system-out><![CDATA[
Scenario: To check invalid data registration                                            # src/test/resources/com.bunnycart.feature/CreateAccount.feature:10
  Given User opens the Browser                                                          # com.bunnycart.StepDefinition.scenario1.user_opens_the_browser()
  And User navigates to the "https://www.bunnycart.com/aquatic-plants/duckweed" webpage # com.bunnycart.StepDefinition.scenario1.user_navigates_to_the_webpage(java.lang.String)
clicked the creat account link
  Then User clicks on creat account                                                     # com.bunnycart.StepDefinition.scenario1.user_clicks_on_creat_account()
Entered the Firstname
  And User enters '<First name>' in First name                                          # com.bunnycart.StepDefinition.scenario1.user_enters_in_first_name(java.lang.String)
Entered the Firstname
  And User enters '<Last name>' in Last name                                            # com.bunnycart.StepDefinition.scenario1.user_enters_in_last_name(java.lang.String)
Entered the Email
  And User enters '<Email>' in Email                                                    # com.bunnycart.StepDefinition.scenario1.user_enters_in_email(java.lang.String)
Entered the Password
  And User enters '<Password>' in Password                                              # com.bunnycart.StepDefinition.scenario1.user_enters_in_password(java.lang.String)
Entered the ConfirmPassword
  And User enters invaliddata in Confirm Password '<Confirm Password>'                  # com.bunnycart.StepDefinition.scenario1.user_enters_invaliddata_in_confirm_password(java.lang.String)
Entered the Whatsapp number
  And User enters '< WhatsApp Number>' in WhatsApp Number                               # com.bunnycart.StepDefinition.scenario1.user_enters_in_whats_app_number(java.lang.String)
clicked the creataccount button
  And User click on the creat button                                                    # com.bunnycart.StepDefinition.scenario1.user_click_on_the_creat_button()
Failed to registered
  And User verify an error message                                                      # com.bunnycart.StepDefinition.scenario1.user_verify_an_error_message()
  And user close the browser                                                            # com.bunnycart.StepDefinition.scenario1.user_close_the_browser()
]]></system-out>
    <system-err><![CDATA[SLF4J: Failed to load class "org.slf4j.impl.StaticLoggerBinder".
SLF4J: Defaulting to no-operation (NOP) logger implementation
SLF4J: See http://www.slf4j.org/codes.html#StaticLoggerBinder for further details.
Mar 24, 2025 3:03:08 PM org.openqa.selenium.devtools.CdpVersionFinder findNearestMatch
WARNING: Unable to find an exact match for CDP version 134, returning the closest version; found: 133; Please update to a Selenium version that supports CDP version 134
]]></system-err>
  </testcase>
  <testcase name="runScenario[&quot;To check valid data registration&quot;, &quot;User registration on Bunnycart&quot;](2)" classname="com.bunnycart.TestRunner.testRunner1" time="29.246">
    <system-out><![CDATA[
Scenario Outline: To check valid data registration                                      # src/test/resources/com.bunnycart.feature/CreateAccount.feature:24
  Given User opens the Browser                                                          # com.bunnycart.StepDefinition.scenario1.user_opens_the_browser()
  And User navigates to the "https://www.bunnycart.com/aquatic-plants/duckweed" webpage # com.bunnycart.StepDefinition.scenario1.user_navigates_to_the_webpage(java.lang.String)
clicked the creat account link
  Then User clicks on creat account                                                     # com.bunnycart.StepDefinition.scenario1.user_clicks_on_creat_account()
Entered the Firstname
  And User enters '<First name>' in First name                                          # com.bunnycart.StepDefinition.scenario1.user_enters_in_first_name(java.lang.String)
Entered the Firstname
  And User enters '<Last name>' in Last name                                            # com.bunnycart.StepDefinition.scenario1.user_enters_in_last_name(java.lang.String)
Entered the Email
  And User enters '<Email>' in Email                                                    # com.bunnycart.StepDefinition.scenario1.user_enters_in_email(java.lang.String)
Entered the Password
  And User enters '<Password>' in Password                                              # com.bunnycart.StepDefinition.scenario1.user_enters_in_password(java.lang.String)
Entered the ConfirmPassword
  And User enters validata in Confirm Password '                                        # com.bunnycart.StepDefinition.scenario1.user_enters_validata_in_confirm_password()
Entered the Whatsapp number
  And User enters '< WhatsApp Number>' in WhatsApp Number                               # com.bunnycart.StepDefinition.scenario1.user_enters_in_whats_app_number(java.lang.String)
clicked the creataccount button
  And User click on the creat button                                                    # com.bunnycart.StepDefinition.scenario1.user_click_on_the_creat_button()
Successfully registered to bunnycart
  And User verify an successfully registered message                                    # com.bunnycart.StepDefinition.scenario1.user_verify_an_successfully_registered_message()
  And user close the browser                                                            # com.bunnycart.StepDefinition.scenario1.user_close_the_browser()
]]></system-out>
    <system-err><![CDATA[Mar 24, 2025 3:03:57 PM org.openqa.selenium.devtools.CdpVersionFinder findNearestMatch
WARNING: Unable to find an exact match for CDP version 134, returning the closest version; found: 133; Please update to a Selenium version that supports CDP version 134
]]></system-err>
  </testcase>
  <testcase name="runScenario[&quot;To check valid data registration&quot;, &quot;User registration on Bunnycart&quot;](3)" classname="com.bunnycart.TestRunner.testRunner1" time="33.973">
    <system-out><![CDATA[
Scenario Outline: To check valid data registration                                      # src/test/resources/com.bunnycart.feature/CreateAccount.feature:25
  Given User opens the Browser                                                          # com.bunnycart.StepDefinition.scenario1.user_opens_the_browser()
  And User navigates to the "https://www.bunnycart.com/aquatic-plants/duckweed" webpage # com.bunnycart.StepDefinition.scenario1.user_navigates_to_the_webpage(java.lang.String)
clicked the creat account link
  Then User clicks on creat account                                                     # com.bunnycart.StepDefinition.scenario1.user_clicks_on_creat_account()
Entered the Firstname
  And User enters '<First name>' in First name                                          # com.bunnycart.StepDefinition.scenario1.user_enters_in_first_name(java.lang.String)
Entered the Firstname
  And User enters '<Last name>' in Last name                                            # com.bunnycart.StepDefinition.scenario1.user_enters_in_last_name(java.lang.String)
Entered the Email
  And User enters '<Email>' in Email                                                    # com.bunnycart.StepDefinition.scenario1.user_enters_in_email(java.lang.String)
Entered the Password
  And User enters '<Password>' in Password                                              # com.bunnycart.StepDefinition.scenario1.user_enters_in_password(java.lang.String)
  And User enters validata in Confirm Password 'Bani2000@                               # com.bunnycart.StepDefinition.scenario1.user_enters_validata_in_confirm_password_bani2000()
Entered the Whatsapp number
  And User enters '< WhatsApp Number>' in WhatsApp Number                               # com.bunnycart.StepDefinition.scenario1.user_enters_in_whats_app_number(java.lang.String)
clicked the creataccount button
  And User click on the creat button                                                    # com.bunnycart.StepDefinition.scenario1.user_click_on_the_creat_button()
Successfully registered to bunnycart
  And User verify an successfully registered message                                    # com.bunnycart.StepDefinition.scenario1.user_verify_an_successfully_registered_message()
  And user close the browser                                                            # com.bunnycart.StepDefinition.scenario1.user_close_the_browser()
]]></system-out>
    <system-err><![CDATA[Mar 24, 2025 3:04:31 PM org.openqa.selenium.devtools.CdpVersionFinder findNearestMatch
WARNING: Unable to find an exact match for CDP version 134, returning the closest version; found: 133; Please update to a Selenium version that supports CDP version 134
]]></system-err>
  </testcase>
  <testcase name="runScenario[&quot;To sign in and add a product to cart&quot;, &quot;Unknown&quot;](1)" classname="com.bunnycart.TestRunner.testRunner2" time="92.388">
    <system-out><![CDATA[
Scenario: To sign in and add a product to cart                                          # src/test/resources/com.bunnycart.feature/Signin_AddProduct_to_cart.feature:15
  Given User opens the Browser                                                          # com.bunnycart.StepDefinition.scenario1.user_opens_the_browser()
  And User navigates to the "https://www.bunnycart.com/aquatic-plants/duckweed" webpage # com.bunnycart.StepDefinition.scenario1.user_navigates_to_the_webpage(java.lang.String)
clicked the signin link
  Then User clicks on Sign in                                                           # com.bunnycart.StepDefinition.scenario2.user_clicks_on_sign_in()
2025-03-24T09:35:23.884097600Z main ERROR Log4j2 could not find a logging implementation. Please add log4j-core to the classpath. Using SimpleLogger to log to the console...
banishmadurai@gmail.com
Bani2000@
Entered the Email
Entered the Password
Screenshot saved at: C:\Users\M.Sajin Anto\eclipse-workspace\Bunnycart\target\ScreenShot\ScreenShot2.png
  And User enters the Sign in datas                                                     # com.bunnycart.StepDefinition.scenario2.user_enters_the_sign_in_datas(io.cucumber.datatable.DataTable)
    | bunnycart data.xlsx |
clicked the signin button
  And User clicks on Sign in button                                                     # com.bunnycart.StepDefinition.scenario2.user_clicks_on_sign_in_button()
searched the product1
  And User search for a product                                                         # com.bunnycart.StepDefinition.scenario2.user_search_for_a_product()
searched the product2
  Then User select a product                                                            # com.bunnycart.StepDefinition.scenario2.user_select_a_product()
searched the product3
  And User add a product to cart                                                        # com.bunnycart.StepDefinition.scenario2.user_add_a_product_to_cart()
  And User close the browser                                                            # com.bunnycart.StepDefinition.scenario2.user_close_the_browser()
]]></system-out>
    <system-err><![CDATA[Mar 24, 2025 3:05:00 PM org.openqa.selenium.devtools.CdpVersionFinder findNearestMatch
WARNING: Unable to find an exact match for CDP version 134, returning the closest version; found: 133; Please update to a Selenium version that supports CDP version 134
Mar 24, 2025 3:05:37 PM org.openqa.selenium.devtools.CdpVersionFinder findNearestMatch
WARNING: Unable to find an exact match for CDP version 134, returning the closest version; found: 133; Please update to a Selenium version that supports CDP version 134
]]></system-err>
  </testcase>
  <testcase name="runScenario[&quot;To check login with invalid data&quot;, &quot;To check sing in with valid and invalid datas&quot;](1)" classname="com.bunnycart.TestRunner.testRunner3" time="37.496">
    <system-out><![CDATA[
Scenario: To check login with invalid data                                              # src/test/resources/com.bunnycart.feature/SignIn_valid_invalid.feature:7
  Given User opens the browser                                                          # com.bunnycart.StepDefinition.scenario3.user_opens_the_browser()
  And User navigates to the "https://www.bunnycart.com/aquatic-plants/duckweed" webpage # com.bunnycart.StepDefinition.scenario1.user_navigates_to_the_webpage(java.lang.String)
clicked the signin link
  Then User clicks on sign in                                                           # com.bunnycart.StepDefinition.scenario3.user_clicks_on_sign_in()
Entered the Email
Screenshot saved at: C:\Users\M.Sajin Anto\eclipse-workspace\Bunnycart\target\ScreenShot\Screen shot3.png
  And User enter the '<Email>' in Email                                                 # com.bunnycart.StepDefinition.scenario3.user_enter_the_in_email(java.lang.String)
Entered the Password
  And User enters the invalid '<Wrong Password>' in Password                            # com.bunnycart.StepDefinition.scenario3.user_enters_the_invalid_in_password(java.lang.String)
Clicked the signin
  And User click on sign in button                                                      # com.bunnycart.StepDefinition.scenario3.user_click_on_sign_in_button()
  And User closes the browser                                                           # com.bunnycart.StepDefinition.scenario3.user_closes_the_browser()
]]></system-out>
    <system-err><![CDATA[Mar 24, 2025 3:06:33 PM org.openqa.selenium.devtools.CdpVersionFinder findNearestMatch
WARNING: Unable to find an exact match for CDP version 134, returning the closest version; found: 133; Please update to a Selenium version that supports CDP version 134
Mar 24, 2025 3:07:04 PM org.openqa.selenium.devtools.CdpVersionFinder findNearestMatch
WARNING: Unable to find an exact match for CDP version 134, returning the closest version; found: 133; Please update to a Selenium version that supports CDP version 134
]]></system-err>
  </testcase>
  <testcase name="runScenario[&quot;To check login with valid datas&quot;, &quot;To check sing in with valid and invalid datas&quot;](2)" classname="com.bunnycart.TestRunner.testRunner3" time="44.093">
    <system-out><![CDATA[
Scenario Outline: To check login with valid datas                                       # src/test/resources/com.bunnycart.feature/SignIn_valid_invalid.feature:16
  Given User opens the browser                                                          # com.bunnycart.StepDefinition.scenario3.user_opens_the_browser()
  And User navigates to the "https://www.bunnycart.com/aquatic-plants/duckweed" webpage # com.bunnycart.StepDefinition.scenario1.user_navigates_to_the_webpage(java.lang.String)
clicked the signin link
  Then User clicks on sign in                                                           # com.bunnycart.StepDefinition.scenario3.user_clicks_on_sign_in()
Failed to enter emailelement not interactable
  (Session info: chrome=134.0.6998.165)
Build info: version: '4.29.0', revision: '5fc1ec94cb'
System info: os.name: 'Windows 10', os.arch: 'amd64', os.version: '10.0', java.version: '21.0.6'
Driver info: org.openqa.selenium.chrome.ChromeDriver
Command: [83fbd140385bea7c5a0f9eb1d14bc9ad, sendKeysToElement {value=[Ljava.lang.CharSequence;@799fb45e, id=f.497E70A780CB8BEAD16BCF69EF4D91D0.d.ACE81EF65E808233500A57A1DFFFF097.e.92}]
Capabilities {acceptInsecureCerts: false, browserName: chrome, browserVersion: 134.0.6998.165, chrome: {chromedriverVersion: 134.0.6998.165 (fd886e2cb29..., userDataDir: C:\Users\M6B0C~1.SAJ\AppDat...}, fedcm:accounts: true, goog:chromeOptions: {debuggerAddress: localhost:62556}, networkConnectionEnabled: false, pageLoadStrategy: normal, platformName: windows, proxy: Proxy(), se:cdp: ws://localhost:62556/devtoo..., se:cdpVersion: 134.0.6998.165, setWindowRect: true, strictFileInteractability: false, timeouts: {implicit: 0, pageLoad: 300000, script: 30000}, unhandledPromptBehavior: dismiss and notify, webauthn:extension:credBlob: true, webauthn:extension:largeBlob: true, webauthn:extension:minPinLength: true, webauthn:extension:prf: true, webauthn:virtualAuthenticators: true}
Element: [[ChromeDriver: chrome on windows (83fbd140385bea7c5a0f9eb1d14bc9ad)] -> xpath: //input[@id='email-login']]
Session ID: 83fbd140385bea7c5a0f9eb1d14bc9ad
Screenshot saved at: C:\Users\M.Sajin Anto\eclipse-workspace\Bunnycart\target\ScreenShot\Screen shot3.png
  And User enter the '<Email>' in Email                                                 # com.bunnycart.StepDefinition.scenario3.user_enter_the_in_email(java.lang.String)
Entered the Password
  And User enters the valis data 'Bani2000@' in Password                                # com.bunnycart.StepDefinition.scenario3.user_enters_the_valis_data_in_password(java.lang.String)
Clicked the signin
  And User click on sign in button                                                      # com.bunnycart.StepDefinition.scenario3.user_click_on_sign_in_button()
]]></system-out>
    <system-err><![CDATA[Mar 24, 2025 3:07:18 PM org.openqa.selenium.devtools.CdpVersionFinder findNearestMatch
WARNING: Unable to find an exact match for CDP version 134, returning the closest version; found: 133; Please update to a Selenium version that supports CDP version 134
Mar 24, 2025 3:07:51 PM org.openqa.selenium.devtools.CdpVersionFinder findNearestMatch
WARNING: Unable to find an exact match for CDP version 134, returning the closest version; found: 133; Please update to a Selenium version that supports CDP version 134
]]></system-err>
  </testcase>
  <testcase name="runScenario[&quot;To sign in and add multiple product to cart&quot;, &quot;Unknown&quot;](1)" classname="com.bunnycart.TestRunner.testRunner4" time="165.937">
    <system-out><![CDATA[
Scenario: To sign in and add multiple product to cart                                   # src/test/resources/com.bunnycart.feature/Signin _add_Multipleproducts.feature:18
  Given User opens the Browser                                                          # com.bunnycart.StepDefinition.scenario1.user_opens_the_browser()
  And User navigates to the "https://www.bunnycart.com/aquatic-plants/duckweed" webpage # com.bunnycart.StepDefinition.scenario1.user_navigates_to_the_webpage(java.lang.String)
clicked the signin link
  Then User clicks on Sign in                                                           # com.bunnycart.StepDefinition.scenario2.user_clicks_on_sign_in()
Entered the Email
  And User enter the 'banishmadurai@gmail.com' in Email field                           # com.bunnycart.StepDefinition.scenario4.user_enter_the_in_email_field(java.lang.String)
Entered the Password
  And User enters the 'Banishma2000@' in Password field                                 # com.bunnycart.StepDefinition.scenario4.user_enters_the_in_password_field(java.lang.String)
Clicked the signin
Screenshot saved at: C:\Users\M.Sajin Anto\eclipse-workspace\Bunnycart\target\ScreenShot\Screenshot4.png
  And User click the Sign in button to login                                            # com.bunnycart.StepDefinition.scenario4.user_click_the_sign_in_button_to_login()
Searching Product1
  Then User search for product1                                                         # com.bunnycart.StepDefinition.scenario4.user_search_for_product1()
Clicked Addto Cart
  And User add product1 to cart                                                         # com.bunnycart.StepDefinition.scenario4.user_add_product1_to_cart()
Entered search text: Hairgrass
Clicked on Product2
Searching product2
  Then User search for product2                                                         # com.bunnycart.StepDefinition.scenario4.user_search_for_product2()
Clicked Addto Cart
  And User add product2 to cart                                                         # com.bunnycart.StepDefinition.scenario4.user_add_product2_to_cart()
Searching product3
  Then User search for product3                                                         # com.bunnycart.StepDefinition.scenario4.user_search_for_product3()
Clicked Addto Cart
  And User add product3 to cart                                                         # com.bunnycart.StepDefinition.scenario4.user_add_product3_to_cart()
  And User close the browser                                                            # com.bunnycart.StepDefinition.scenario2.user_close_the_browser()
]]></system-out>
    <system-err><![CDATA[Mar 24, 2025 3:08:08 PM org.openqa.selenium.devtools.CdpVersionFinder findNearestMatch
WARNING: Unable to find an exact match for CDP version 134, returning the closest version; found: 133; Please update to a Selenium version that supports CDP version 134
Mar 24, 2025 3:09:28 PM org.openqa.selenium.devtools.CdpVersionFinder findNearestMatch
WARNING: Unable to find an exact match for CDP version 134, returning the closest version; found: 133; Please update to a Selenium version that supports CDP version 134
]]></system-err>
  </testcase>
  <testcase name="runScenario[&quot;To check the user signout process&quot;, &quot;Unknown&quot;](1)" classname="com.bunnycart.TestRunner.testRunner5" time="76.109">
    <system-out><![CDATA[
Scenario: To check the user signout process                                             # src/test/resources/com.bunnycart.feature/Signin_Logout.feature:13
  Given User opens the browser                                                          # com.bunnycart.StepDefinition.scenario3.user_opens_the_browser()
  And User navigates to the "https://www.bunnycart.com/aquatic-plants/duckweed" webpage # com.bunnycart.StepDefinition.scenario1.user_navigates_to_the_webpage(java.lang.String)
clicked the signin link
  Then User clicks on Sign in                                                           # com.bunnycart.StepDefinition.scenario2.user_clicks_on_sign_in()
Entered the email
  And User enter the 'banishmadurai@gmail.com' Email field                              # com.bunnycart.StepDefinition.scenario5.user_enter_the_email_field(java.lang.String)
Entered the Password
  And User enters the 'Banishma2000@' Password field                                    # com.bunnycart.StepDefinition.scenario5.user_enters_the_password_field(java.lang.String)
Clicked the Sign In button
  And User click on Sign in button to login                                             # com.bunnycart.StepDefinition.scenario5.user_click_on_sign_in_button_to_login()
Clicked the sign out button
  And User click on Sign out button                                                     # com.bunnycart.StepDefinition.scenario5.user_click_on_sign_out_button()
  And User closes the browser                                                           # com.bunnycart.StepDefinition.scenario3.user_closes_the_browser()
]]></system-out>
    <system-err><![CDATA[Mar 24, 2025 3:10:51 PM org.openqa.selenium.devtools.CdpVersionFinder findNearestMatch
WARNING: Unable to find an exact match for CDP version 134, returning the closest version; found: 133; Please update to a Selenium version that supports CDP version 134
]]></system-err>
  </testcase>
</testsuite>